[   0.0000] nux rsio4.15-72-neri(buid@lc1-am4-02 (gcversn 7.4.(Ubuu 7.0-1ubuu1~104.1))81-Untu P TuNov 262:202 UT2019Ubun 4.10-721-geric 15.18)
[  0.0000] Coand ne: OT_IGE=/ot/vinuz.15.0--genic rt=LAL=cldimgootfro csolety1 nsolttyS0
[  0.0000KERN suprtedpus:
   00000   Iel Guinetel[   .0000]  MD AhentcAMD
[  0.0000]   ntauCentrHau
[  0.0000] x/fpuSuppting XVE fturex001'x87loatg pont regisrs'[    00000] x8fpu:uppoing XSE feure 002:SSE gists'
   0.0000] x/fpu: pporng XSA featu 0x0: 'A regters
[  0.0000] x8fpu:statoffs[2]:576,statsize2]: 56
   0.0000]86/f: Enled tateeatus 0x conex szeis 8 byt, usg 'sndar fort.
   0.0000] e820:BIOSrovid phicalAM m:
[  0.0000]IOS-20: [m 0x0000000000-000000000bff]usble
[    0.000000] BIOS-e820: [mem 0x000000000009fc000x00000009ff] rerved
[  0.0000BIOSe80: [m 0x000000000000-000000000fff]eserd
[   0.0000] BOSe820[memx00000000000-00000003ffefff]usab
[   .0000] BS-e8: [m 0x00000fff00-0x00003fffff] ACI ata[  0.0000]IOS-20: em 0x00000ec000-0x00000fc00f] rerved
[   0.00000] BI-e82 [mem 0x000000fe0000-0000000fe00ff resved[    0000000BIOS820:mem x0000000ffc0000x000000fffffff]eserve
[  0.0000] NXExece Dible)rotetin: aive
[  0.0000]MBIO 25 prset.
[    0.000000] DMI: innotek GmbH VirtualBox/VirtualBox, BIOS VirtualBox 12/01/2006
[    0.000000] Hypervisor detected: KVM
[    0.000000] e820: last_pfn = 0x3fff0 max_arch_pfn = 0x400000000
[    0.000000] MTRR: Disabled
[    0.000000] x86/PAT: MTRRs disabled, skipping PAT initialization too.
[    0.000000] CPU MTRRs all blank - virtualized system.
[    0.000000] x86/PAT: Configuration [0-7]: WB  WT  UC- UC  WB  WT  UC- UC  
[    0.000000] found SMP MP-table at [mem 0x0009fff0-0x0009ffff]
[    0.000000] Scanning 1 areas for low memory corruption
[    0.000000] RAMDISK: [mem 0x35a6d000-0x36d2dfff]]
    0.000000] ACPI: Early table checksum verification disabled
[    0.000000] ACPI: RSDP 0x00000000000E0000 000024 (v02 VBOX  )
[    0.000000] ACPI: XSDT 0x000000003FFF0030 00003C (v01 VBOX   VBOXXSDT 00000001 ASL  00000061)
[    0.000000] ACPI: FACP 0x000000003FFF00F0 0000F4 (v04 VBOX   VBOXFACP 00000001 ASL  00000061)
[    0.000000] ACPI: DSDT 0x000000003FFF0470 0021FF (v02 VBOX   VBOXBIOS 0000002 INTL 20100528)
[    0.000000] ACPI: FACS 0x000000003FFF0200 000040
[    0.000000] AI: FCS 0x00000FFF00 0040
   0.0000] AI: AC 0x00003FFF40 005C 02 VX   OXAP 000001 L  000061)
[  0.0000] PI: DT 00000003FF02A0001 (v0VBOX VBOPUT 00002 NTL 1005)
[  0.0000No NUM cnfigatiofoun
    0000] Faki a ne atmem 000000000000x0000003efff]
[   0.0000]ODE_TA(0alloted em 0x3c500-03ffeff][   .00000 kvmlockcpu  msr0:ff441, pimry c clo
[  0.0000]vm-cck: ing rs 464d0and 4b6400
   0.0000] km-lo: usngscheoffst of 340694 cyes
   0.0000]clckurcekvm-ock:ask:xffffffffffff x_cyes: 0xd42effb,ax_idlns: 8859591483 ns
[    0.000000] Zon rnges:
[    0.000000]   DMA      [mem 0x0000000000001000-0x0000000000ffffff]
[   0.00000]   DMA32    [mem 0x0000000001000000-0x000000003ffffff]
[    0.000000]   Norma   empty
[    0.000000]   Device   empty
[    0.000000] Movable zone start for each node
[    0.000000] Early memory node ranges
[    0.000000]   node   0: [mem 0x0000000000001000-0x000000000009efff]
[    0.000000]   node   0: [mem 0x00000000001000000x000003fffff]
[    000000] Reserved but unavailable: 98 pages
[    0.000000] Initmem setup node 0 [mem 0x0000000000001000-0x000000003ffeffff]
[  0.0000]ACI: P-Tmer  Por 0x48
[  0.0000 IAPIC]: ac_id, versn 32addrs 0xfe0000GSI 23
   0.0000] AI: IT_RC_O (bu0 buirq 0 obalrq 2fl d)
[  0.0000]CPI:NT_S_OVR (s 0 s_ir9 glal_i 9 l lev)
[   .0000] Uing CPI ADT)or SMP cfiguaton iormaio
[  0.0000]smbo: Allwig 2 Us,  htpluCPUs
[    0.000000] PM: Registered nosave memory: [mem 0x00000000-0x00000fff]
[    0.000000] PM: Registered nosave memory: [mem 0x0009f000-0x0009ffff]
[    0.000000] PM: Registered nosave memory: [mem 0x000a0000-0x000effff]
[    0.000000] PM: Registered nosave memry: me 0x00f000-0x00fffff]
[   0000000] e820: [mem 0x40000000-0xfebfffff] available for PCI devices
[    0.000000] Booting paravirtualized kernel o KVM
[   00000 clockouce: refined-jiffies: mask: 0xffffffff max_cycles: 0xffffffff, max_idle_ns: 7645519600211568 ns
[   0.0000] ndomget_ndombyes clld from start_kernel+0x99/0x4fd with crng_init=0
[    0.000000] setup_pcpu:NRCPUS192 r_pumaskbits:2 nr_puids: n_node_s:1
[    0.000000] percpu: Embedded 45 pages/cpu s147456 r8192 d28672 u1048576
[    0.0000] PV pinlckhashtale nties:25 (order: 0, 4096 bytes)
[    0.000000] Built 1 zonelists, mobility grouping on.  Total pages: 257913
[    0.000000] Policy zone: DMA32
[    0.000000] Kernel command line: BOOT_IMAGE=/boot/vmlinuz-4.15.0-72-generic root=LABEL=cloudimg-rootfs ro console=tty1 console=ttyS0
[    0.000000] Memory: 983392K/1048120K available (12300K kernel code, 2481K rwdata, 4264K rodata, 2428K init, 2388K bss, 64728K reserved, 0K cma-reserved)
[  0.0000]LUB: Halign=64, Order=0-3, MinObjects=0, CPUs=2, Nodes=1
[    0.000000] Kernel/User page tables isolation: enabled
[    0.000000] ftrace: allocating 39318 entries in 154 pages
[    0.004000] Hierarchical RCU imlementation.
[    0.004000] 	RCU restricting CPUs from NR_CPUS=8192 to nr_cpu_ids=2.
[    0.004000] 	Tasks RCU enabled.
[    0.004000] RCU: Adjusting geometry for rcu_fanout_leaf=16, nr_cpu_ids=2
[    0.004000] NR_IRQS: 524544, nr_irqs: 440, preallocated irqs: 16
[    0.004000] Console: colour VGA+ 80x25
[    0.004000] console [tty1] enabled
[    0.004000] console [ttyS0] enabled
[    0.004000] ACPI: Core revision 201081
[    0.00400]ACPI2 AC AMLables ucessfly auireand aded
[    0.004000] APIC: Switch to symmetric I/O mode setup
[    0.004980] x2apic enabled
[    0.008004] Switched APIC routing to physical x2apic.
[    0.013106] ..TIMER: vector=0x30 apic1=0 pin1=2 apic2=-1 pin2=-1
[    0.016007] tsc: Detected 2195.012 MHz processor
[    0.020011] Calibrating delay loop (skipped) preset value.. 4390.02 BogoMIPS (lpj=8780048)
[    0.024009] pid_max: default: 32768 minimum: 301
[    0.028045] Security Framework initialized
[    0.032003] Yama: becoming mindful.
[    0.036047] AppArmor: AppArmor initialized
[    0.044043] Dentry cache hash table entries: 131072 (order: 8, 1048576 bytes)
[    0.048094] Inode-cache hash table entries: 65536 (order: 7, 524288 bytes)
[    0.052032] Mount-cache hash table entries: 2048 (order: 2, 16384 bytes)
[    0.056013] Mountpoint-cache hash table entries: 2048 (order: 2, 16384 bytes)
[    0.060259] Last level iTLB entries: 4KB 512, 2MB 8, 4MB 8
[    0.064005] Last level dTLB entries: 4KB 512, 2MB 32, 4MB 32, 1GB 0
[    0.068004] Spectre V1 : Mitigation: usercopy/swapgs barriers and __user pointer sanitization
[    0.072007] Spectre V2 : Mitigation: Full generic retpoline
[    0.076007] Spectre V2 : Spectre v2 / SpectreRSB mitigation: Filling RSB on context switch
[    0.080007] Speculative Store Bypass: Vulnerable
[    0.084032] MDS: Vulnerable: Clear CPU buffers attempted, no microcode
[    0.088175] Freeing SMP alternatives memory: 36K
[    0.204987] smpboot: CPU0: Intel(R) Core(TM) i7-3632QM CPU @ 2.20GHz (family: 0x6, model: 0x3a, stepping: 0x9)
[    0.208108] Performance Events: unsupported p6 CPU model 58 no PMU driver, software events only.
[    0.209721] Hierarchical SRCU implementation.
[    0.212616] NMI watchdog: Perf event create on CPU 0 failed with -2
[    0.213725] NMI watchdog: Perf NMI watchdog permanently disabled
[    0.214834] smp: Bringing up secondary CPUs ...
[    0.216102] x86: Booting SMP configuration:
[    0.216858] .... node  #0, CPUs:      #1
[    0.004000] kvm-clock: cpu 1, msr 0:3ff44041, secondary cpu clock
[    0.467589] smp: Brought up 1 node, 2 CPUs
[    0.468007] smpboot: Max logical packages: 1
[    0.472007] smpboot: Total of 2 processors activated (8780.04 BogoMIPS)
[    0.476146] devtmpfs: initialized
[    0.480068] x86/mm: Memory block size: 128MB
[    0.484170] evm: security.selinux
[    0.488010] evm: security.SMACK64
[    0.488657] evm: security.SMACK64EXEC
[    0.489345] evm: security.SMACK64TRANSMUTE
[    0.492010] evm: security.SMACK64MMAP
[    0.496006] evm: security.apparmor
[    0.500002] evm: security.ima
[    0.504002] evm: security.capability
[    0.512119] clocksource: jiffies: mask: 0xffffffff max_cycles: 0xffffffff, max_idle_ns: 7645041785100000 ns
[    0.516016] futex hash table entries: 512 (order: 3, 32768 bytes)
[    0.523557] pinctrl core: initialized pinctrl subsystem
[    0.524137] RTC time:  4:40:38, date: 01/08/20
[    0.528252] NET: Registered protocol family 16
[    0.532080] audit: initializing netlink subsys (disabled)
[    0.536051] audit: type=2000 audit(1578458411.731:1): state=initialized audit_enabled=0 res=1
[    0.560006] cpuidle: using governor ladder
[    0.564008] cpuidle: using governor menu
[    0.568066] ACPI: bus type PCI registered
[    0.572007] acpiphp: ACPI Hot Plug PCI Controller Driver version: 0.5
[    0.576131] PCI: Using configuration type 1 for base access
[    0.581067] HugeTLB registered 2.00 MiB page size, pre-allocated 0 pages
[    0.584097] ACPI: Added _OSI(Module Device)
[    0.588006] ACPI: Added _OSI(Processor Device)
[    0.592006] ACPI: Added _OSI(3.0 _SCP Extensions)
[    0.596008] ACPI: Added _OSI(Processor Aggregator Device)
[    0.600009] ACPI: Added _OSI(Linux-Dell-Video)
[    0.604009] ACPI: Added _OSI(Linux-Lenovo-NV-HDMI-Audio)
[    0.608009] ACPI: Added _OSI(Linux-HPI-Hybrid-Graphics)
[    0.612341] ACPI: Executed 1 blocks of module-level executable AML code
[    0.621602] ACPI: Interpreter enabled
[    0.624023] ACPI: (supports S0 S5)
[    0.628003] ACPI: Using IOAPIC for interrupt routing
[    0.632315] PCI: Using host bridge windows from ACPI; if necessary, use "pci=nocrs" and report a bug
[    0.636216] ACPI: Enabled 2 GPEs in block 00 to 07
[    0.647694] ACPI: PCI Root Bridge [PCI0] (domain 0000 [bus 00-ff])
[    0.648019] acpi PNP0A03:00: _OSC: OS supports [ASPM ClockPM Segments MSI]
[    0.652055] acpi PNP0A03:00: _OSC: not requesting OS control; OS requires [ExtendedConfig ASPM ClockPM MSI]
[    0.656029] acpi PNP0A03:00: fail to add MMCONFIG information, can't access extended PCI configuration space under this bridge.
[    0.660507] PCI host bridge to bus 0000:00
[    0.664011] pci_bus 0000:00: root bus resource [io  0x0000-0x0cf7 window]
[    0.668009] pci_bus 0000:00: root bus resource [io  0x0d00-0xffff window]
[    0.672009] pci_bus 0000:00: root bus resource [mem 0x000a0000-0x000bffff window]
[    0.676007] pci_bus 0000:00: root bus resource [mem 0x40000000-0xfdffffff window]
[    0.680010] pci_bus 0000:00: root bus resource [bus 00-ff]
[    0.690099] pci 0000:00:01.1: legacy IDE quirk: reg 0x10: [io  0x01f0-0x01f7]
[    0.692008] pci 0000:00:01.1: legacy IDE quirk: reg 0x14: [io  0x03f6]
[    0.696006] pci 0000:00:01.1: legacy IDE quirk: reg 0x18: [io  0x0170-0x0177]
[    0.700008] pci 0000:00:01.1: legacy IDE quirk: reg 0x1c: [io  0x0376]
[    0.724189] pci 0000:00:07.0: quirk: [io  0x4000-0x403f] claimed by PIIX4 ACPI
[    0.728024] pci 0000:00:07.0: quirk: [io  0x4100-0x410f] claamed by PIIX4 SMB
[    0.745565] ACPI: PCI Interrupt Link [LNKA] (IRQs 5 9 10 *11)
[    0.748387] ACPI: PCI Interrupt Link [LNKB] (IRQs 5 9 *10 11)
[    0.756090] ACPI: PCI Interrupt Link [LNKC] (IRQs 5 *9 10 11)
[    0.760183] ACPI: PCI Interrupt Link [LNKD] (IRQs 5 9 10 *11)
[    0.768302] SCSI subsystem initialized
[    0.769082] pci 0000:00:02.0: vgaarb: setting as boot VGA device
[    0.772000] pci 0000:00:02.0: vgaarb: VGA device added: decodes=io+mem,owns=io+mem,locks=none
[    0.772011] pci 0000:00:02.0: vgaarb: bridge control possible
[    0.776005] vgaarb: loaded
[    0.780049] ACPI: bus type USB registered
[    0.784036] usbcore: registered new interface driver usbfs
[    0.788036] usbcore: registered new interface driver hub
[    0.792029] usbcore: registered new device driver usb
[    0.796072] EDAC MC: Ver: 3.0.0
[    0.796893] PCI: Using ACPI for IRQ routing
[    0.800272] NetLabel: Initializing
[    0.800931] NetLabel:  domain hash size = 128
[    0.804006] NetLabel:  protocols = UNLABELED CIPSOv4 CALIPSO
[    0.808032] NetLabel:  unlabeled traffic allowed by default
[    0.812116] clocksource: Switched to clocksource kvm-clock
[   .056 VFS: Di qtas uo6.0  1.32] S:qu-cchha tlentes51(oer0, 496 bes

[    2.433933] AppArmor: AppArmor Filesystem Enabled
[    2.434847] pnp: PnP ACPI init
[   2.368]npPnAC: un3 vis
[    2.951201] clocksource: acpi_pm: mask: 0xffffff max_cycles: 0xffffff, max_idle_ns: 2085701024 ns
[    2.953104] NET: Registered protocol family 2
[    2.957588] TCP established hash table entries: 8192 (order: 4, 65536 bytes)
[    2.968518] TCP bind hash table entries: 8192 (order: 5, 131072 bytes)
[    2.969613] TCP: Hash tables configured (established 8192 bind 8192)
[    2.970672] UDP hash table entries: 512 (order: 2, 16384 bytes)
[    2.971659] UDP-Lite hash table entries: 512 (order:, 38bys)[  30475 N: gier ptol mi 1[  3032]ci00000. Litng diec PCICIrasfer
[    4.519756] pci 0000:00:01.0: Activating ISA DMA hang wokarounds

[    4.545191] pci 0000:00:02.0: Video device with shadowed ROM at [mem 0x000c0000-0x000dffff]
[    4.549436] Unpacking initramfs...
[    4.886928] Freeing initrd memory: 19204K
[    5.038660] clocksource: tsc: mask: 0xffffffffffffffff max_cycles: 0x1fa3cab9042, max_idle_ns: 440795210298 ns
[    5.418689] platform rtc_cmos: registered platform RTC device (no PNP device found)
[    5.667925] Scanning for low memory corruption every 60 seconds
[    5.859102] Initialise system trusted keyrings
[    5.948357] Key type blacklist registered
[    6.098055] workingset: timestamp_bits=36 max_order=18 bucket_order=0
[    6.181855] zbud: loaded
[    6.231256] squashfs: version 4.0 (2009/01/31) Phillip Lougher
[    6.428576] fuse init (API version 7.26)
[    6.576869] Key type asymmetric registered
[    6.682006] Asymmetric key parser 'x509' registered
[    6.777734] Block layer SCSI generic (bsg) driver version 0.4 loaded (major 246)
[    6.831700] io scheduler noop registered
[    6.940919] io scheduler deadline registered
[    7.083764] io scheduler cfq registered (default)
[    7.104983] ACPI: AC Adapter [AC] (on-line)
[    7.105757] input: Power Button as /devices/LNXSYSTM:00/LNXPWRBN:00/input/input0
[    7.107043] ACPI: Power Button [PWRF]
[    7.218662] input: Sleep Button as /devices/LNXSYSTM:00/LNXSLPBN:00/input/input1
[    7.289141] ACPI: Sleep Button [SLPF]
[    7.292961] Serial: 8250/16550 driver, 32 ports, IRQ sharing enabled
[   .282 AI:atrylo[B0](bte pse)[    8.189496] 00:02: ttyS0 at I/O 0x3f8 (irq = 4, base_baud = 115200) is a 16550A
[    8.213453] Linux agpgart interface v0.103
[    8.232829] loop: module loaded
[    8.236059] scsi host0: ata_piix
[    8.236807] scsi host1: ata_piix
[    8.237472] ata1: PATA max UDMA/33 cmd 0x1f0 ctl 0x3f6 bmdma 0xd000 irq 14
[    8.272593] ata2: PATA max UDMA/33 cmd 0x170 ctl 0x376 bmdma 0xd008 irq 15
[    8.433258] libphy: Fixed MDIO Bus: probed
[    8.434074] tun: Universal TUN/TAP device driver, 1.6
[    8.435034] PPP generic driver version 2.4.2
[    8.437039] ehci_hcd: USB 2.0 'Enhanced' Host Controller (EHCI) Driver
[    8.439695] ehci-pci: EHCI PCI platform driver
[    8.441626] ehci-platform: EHCI generic platform driver
[    8.442601] ohci_hcd: USB 1.1 'Open' Host Controller (OHCI) Driver
[    8.443726] ohci-pci: OHCI PCI platform driver
[    8.444588] ohci-platform: OHCI generic platform driver
[    8.446605] uhci_hcd: USB Universal Host Controller Interface driver
[    8.447796] i8042: PNP: PS/2 Controller [PNP0303:PS2K,PNP0f03:PS2M] at 0x60,0x64 irq 1,12
[    8.450922] serio: i8042 KBD port at 0x60,0x64 irq 1
[    8.451896] serio: i8042 AUX port at 0x60,0x64 irq 12
[    8.454229] mousedev: PS/2 mouse device common for all mice
[    8.457543] input: AT Translated Set 2 keyboard as /devices/platform/i8042/serio0/input/input2
[    8.459495] rtc_cmos rtc_cmos: rtc core: registered rtc_cmos as rtc0
[    8.469238] rtc_cmos rtc_cmos: alarms up to one day, 114 bytes nvram
[    8.470391] i2c /dev entries driver
[    8.507237] device-mapper: uevent: version 1.0.3
[    8.508209] device-mapper: ioctl: 4.37.0-ioctl (2017-09-20) initialised: dm-devel@redhat.com
[    8.517807] ledtrig-cpu: registered to indicate activity on CPUs
[    8.519376] NET: Registered protocol family 10
[    8.540162] Segment Routing with IPv6
[    8.544607] NET: Registered protocol family 17
[    8.545525] Key type dns_resolver registered
[    8.546542] mce: Using 0 MCE banks
[    8.548632] RAS: Correctable Errors collector initialized.
[    8.549637] sched_clock: Marking stable (8548612331, 0)->(49213503236, -40664890905)
[    8.551349] registered taskstats version 1
[    8.555571] Loading compiled-in X.509 certificates
[    8.559007] Loaded X.509 cert 'Build time autogenerated kernel key: f4f7241365689b0cbe3898188e65e316fd8f978d'
[    8.601164] zswap: loaded using pool lzo/zbud
[    8.608081] Key type big_key registered
[    8.611298] Key type trusted registered
[    8.627596] Key type encrypted registered
[    8.631641] AppArmor: AppArmor sha1 policy hashing enabled
[    8.635702] ima: No TPM chip found, activating TPM-bypass! (rc=-19)
[    8.636853] ima: Allocated hash algorithm: sha1
[    8.637691] evm: HMAC attrs: 0x1
[    8.638587]   Magic number: 4:124:666
[    8.639392] rtc_cmos rtc_cmos: setting system clock to 2020-01-08 04:40:55 UTC (1578458455)
[    8.641063] BIOS EDD facility v0.16 2004-Jun-25, 0 devices found
[    8.720522] EDD information not available.
[    8.768072] Freeing unused kernel image memory: 2428K
[    8.800640] Write protecting the kernel read-only data: 20480k
[    8.802217] Freeing unused kernel image memory: 2008K
[    8.804554] Freeing unused kernel image memory: 1880K
[    8.813030] x86/mm: Checked W+X mappings: passed, no W+X pages found.
[    8.820693] x86/mm: Checking user space page tables
[    8.829053] x86/mm: Checked W+X mappings: passed, no W+X pages found.
Loading, please wait...
starting version 237
[    8.915705] e1000: Intel(R) PRO/1000 Network Driver - version 7.3.21-k8-NAPI
[    8.930859] e1000: Copyright (c) 1999-2006 Intel Corporation.
[    8.935506] Fusion MPT base driver 3.04.20
[    8.938217] Copyright (c) 1999-2008 LSI Corporation
[    8.952095] Fusion MPT SPI Host driver 3.04.20
[    8.978554] AVX version of gcm_enc/dec engaged.
[    8.997657] AES CTR mode by8 optimization enabled
[    9.157073] input: ImExPS/2 Generic Explorer Mouse as /devices/platform/i8042/serio1/input/input4
[    9.345334] e1000 0000:00:03.0 eth0: (PCI:33MHz:32-bit) 02:b7:1f:33:e9:24
[    9.348396] e1000 0000:00:03.0 eth0: Intel(R) PRO/1000 Network Connection
[    9.350616] mptbase: ioc0: Initiating bringup
[    9.502000] ioc0: LSI53C1030 A0: Capabilities={Initiator}
[   11.104564] scsi host2: ioc0: LSI53C1030 A0, FwRev=00000000h, Ports=1, MaxQ=256, IRQ=20
[   13.322512] scsi 2:0:0:0: Direct-Access     VBOX     HARDDISK         1.0  PQ: 0 ANSI: 5
[   13.542317] scsi target2:0:0: Beginning Domain Validation
[   13.641635] scsi target2:0:0: Domain Validation skipping write tests
[   13.647143] scsi target2:0:0: Ending Domain Validation
[   13.648171] scsi target2:0:0: asynchronous
[   13.649281] random: fast init done
[   13.649987] scsi 2:0:1:0: Direct-Access     VBOX     HARDDISK         1.0  PQ: 0 ANSI: 5
[   13.937348] scsi target2:0:1: Beginning Domain Validation
[   13.971790] random: systemd-udevd: uninitialized urandom read (16 bytes read)
[   14.019848] e1000 0000:00:08.0 eth1: (PCI:33MHz:32-bit) 08:00:27:45:9e:bb
[   14.184984] random: systemd-udevd: uninitialized urandom read (16 bytes read)
[   14.191423] e1000 0000:00:08.0 eth1: Intel(R) PRO/1000 Network Connection
[   14.192705] random: systemd-udevd: uninitialized urandom read (16 bytes read)
[   14.328272] scsi target2:0:1: Domain Validation skipping write tests
[   14.328708] e1000 0000:00:03.0 enp0s3: renamed from eth0
[   14.331276] scsi target2:0:1: Ending Domain Validation
[   14.333350] scsi target2:0:1: asynchronous
[   14.337922] sd 2:0:0:0: Attached scsi generic sg0 type 0
[   14.339047] sd 2:0:0:0: [sda] 20971520 512-byte logical blocks: (10.7 GB/10.0 GiB)
[   14.340342] sd 2:0:1:0: [sdb] 20480 512-byte logical blocks: (10.5 MB/10.0 MiB)
[   14.597607] sd 2:0:0:0: [sda] Write Protect is off
[   14.598004] e1000 0000:00:08.0 enp0s8: renamed from eth1
[   14.818431] sd 2:0:1:0: Attached scsi generic sg1 type 0
[   16.116802] sd 2:0:1:0: [sdb] Write Protect is off
[   16.230967] sd 2:0:0:0: [sda] Incomplete mode parameter data
[   16.255907] sd 2:0:0:0: [sda] Assuming drive cache: write through
[   16.321934] sd 2:0:1:0: [sdb] Incomplete mode parameter data
[   16.479291] sd 2:0:1:0: [sdb] Assuming drive cache: write through
[   16.688215]  sda: sda1
[   16.689140] sd 2:0:1:0: [sdb] Attached SCSI disk
[   16.767726] sd 2:0:0:0: [sda] Attached SCSI disk
Begin: Loading essential drivers ... [   18.360480] raid6: sse2x1   gen()  8748 MB/s
[   18.524077] raid6: sse2x1   xor()  5907 MB/s
[   18.692396] raid6: sse2x2   gen() 10553 MB/s
[   18.884526] raid6: sse2x2   xor()  6880 MB/s
[   18.996072] raid6: sse2x4   gen() 11625 MB/s
[   19.128385] raid6: sse2x4   xor()  7948 MB/s
[   19.250006] raid6: using algorithm sse2x4 gen() 11625 MB/s
[   19.275368] raid6: .... xor() 7948 MB/s, rmw enabled
[   19.279399] raid6: using ssse3x2 recovery algorithm
[   19.284965] xor: automatically using best checksumming function   avx       
[   19.430634] async_tx: api initialized (async)
done.
Begin: Running /scripts/init-premount ... done.
Begin: Mounting root file sys[   19.514979] Btrfs loaded, crc32c=crc32c-intel
tem ... Begin: Running /scripts/local-top ... done.
Begin: Running /scripts/local-premount ... Scanning for Btrfs filesystems
done.
Warning: fsck not present, so sk[   19.564106] EXT4-fs (sda1): mounted filesystem with ordered data mode. Opts: (null)
ipping root file system
done.
Begin: Running /scripts/local-bottom ... done.
Begin: Running /scripts/init-bottom ... done.
[   19.767277] ip_tables: (C) 2000-2006 Netfilter Core Team
[   19.806254] systemd[1]: systemd 237 running in system mode. (+PAM +AUDIT +SELINUX +IMA +APPARMOR +SMACK +SYSVINIT +UTMP +LIBCRYPTSETUP +GCRYPT +GNUTLS +ACL +XZ +LZ4 +SECCOMP +BLKID +ELFUTILS +KMOD -IDN2 +IDN -PCRE2 default-hierarchy=hybrid)
[   19.813927] systemd[1]: Detected virtualization oracle.
[   19.814918] systemd[1]: Detected architecture x86-64.

Welcome to [1mUbuntu 18.04.3 LTS[0m!

[   19.822679] systemd[1]: Set hostname to <ubuntu>.
[   19.840855] systemd[1]: Initializing machine ID from random generator.
[   19.848454] systemd[1]: Installed transient /etc/machine-id file.
[   20.135316] systemd[1]: Reached target System Time Synchronized.
[[0;32m  OK  [0m] Reached target System Time Synchronized.
[   20.138952] systemd[1]: Reached target Swap.
[[0;32m  OK  [0m] Reached target Swap.
[   20.142386] systemd[1]: Created slice System Slice.
[[0;32m  OK  [0m] Created slice System Slice.
[   20.144521] systemd[1]: Listening on Journal Socket.
[[0;32m  OK  [0m] Listening on Journal Socket.
         Starting Remount[   20.160281] EXT4-fs (sda1): re-mounted. Opts: (null)
 Root and Kernel File Systems...
         Starting Set the console keyboard layout...
         Starting Uncomplicated firewall...
         Starting Create list of required st…ce nodes for the current kernel...
[[0;32m  OK  [0m] Created slice system-serial\x2dgetty.slice.
[[0;32m  OK  [0m] Listening on udev Kernel Socket.
[[0;32m  OK  [0m] Listening on Journal Socket (/dev/log).
[[0;32m  OK  [0m] Listening on /dev/initctl Compatibility Named Pipe.
[[0;32m  OK  [0m] Listening on udev Control Socket.
         Starting udev Coldplug all Devices...
[[0;32m  OK  [0m] Created slice User and Session Slice.
         Mounting Kernel Debug File System...
[[0;32m  OK  [0m] Reached target Slices.
         Mounting POSIX Message Queue File System...
         Starting Load Ke[   20.676329] Loading iSCSI transport class v2.0-870.
rnel Modules...[   21.925518] iscsi: registered transport (tcp)

[[0;32m  OK  [0m] Listening on Network Service [   22.974895] iscsi: registered transport (iser)
Netlink Socket.
[[0;32m  OK  [0m] Listening on Syslog Socket.
[[0;32m  OK  [0m] Reached target User and Group Name Lookups.
[[0;32m  OK  [0m] Listening on LVM2 metadata daemon socket.
[[0;32m  OK  [0m] Listening on LVM2 poll daemon socket.
[[0;32m  OK  [0m] Listening on Journal Audit Socket.
         Starting Journal Service...
[[0;32m  OK  [0m] Listening on Device-mapper event daemon FIFOs.
         Starting Monitoring of LVM2 mirrors…ng dmeventd or progress polling...
         Mounting Huge Pages File System...
[[0;32m  OK  [0m] Started Forward Password Requests to Wall Directory Watch.
[[0;32m  OK  [0m] Set up automount Arbitrary Executab…rmats File System Automount Point.
[[0;32m  OK  [0m] Started Journal Service.
[[0;32m  OK  [0m] Started Remount Root and Kernel File Systems.
[[0;32m  OK  [0m] Started Set the console keyboard layout.
[[0;32m  OK  [0m] Started Uncomplicated firewall.
[[0;32m  OK  [0m] Started Create list of required sta…vice nodes for the current kernel.
[[0;32m  OK  [0m] Mounted Kernel Debug File System.
[[0;32m  OK  [0m] Mounted POSIX Message Queue File System.
[[0;32m  OK  [0m] Started Load Kernel Modules.
[[0;32m  OK  [0m] Mounted Huge Pages File System.
[[0;32m  OK  [0m] Started udev Coldplug all Devices.
[[0;32m  OK  [0m] Started LVM2 metadata daemon.[   24.837340] random: crng init done

[   24.908353] random: 7 urandom warning(s) missed due to ratelimiting
         Mounting Kernel Configuration File System...
         Starting Apply Kernel Variables...
         Mounting FUSE Control File System...
         Starting Create Static Device Nodes in /dev...
         Starting Load/Save Random Seed...
         Starting Flush Journal to Persistent Storage...
[[0;32m  OK  [0m] Started Monitoring of LVM2 mirrors,…sing dmeventd or progress polling.
[[0;32m  OK  [0m] Mounted Kernel Configuration File System.
[[0;32m  OK  [0m] Started Apply Kernel Variables.
[[0;32m  OK  [0m] Mounted FUSE Control File System.
[[0;32m  OK  [0m] Started Create Static Device Nodes in /dev.
[[0;32m  OK  [0m] Started Load/Save Random Seed.
         Starting udev Kernel Device Manager...
[[0;32m  OK  [0m] Reached target Local File Systems (Pre).
[[0;32m  OK  [0m] Reached target Local File Systems.
         Starting Set console font and keymap...
         Starting ebtables ruleset management...
         Starting AppArmor initialization...
         Starting Commit a transient machine-id on disk...
         Starting Tell Plymouth To Write Out Runtime Data...
[[0;32m  OK  [0m] Started udev Kernel Device Manager.
[[0;32m  OK  [0m] Started Set console font and keymap.
[[0;32m  OK  [0m] Started Commit a transient machine-id on disk.
[[0;32m  OK  [0m] Started Dispatch Password Requests to Console Directory Watch.
[[0;32m  OK  [0m] Reached target Local Encrypted Volumes.
[[0;32m  OK  [0m] Started Tell Plymouth To Write Out Runtime Data.
[[0;32m  OK  [0m] Started Flush Journal to Persistent Storage.
         Starting Create Volatile Files and Directories...
[[0;32m  OK  [0m] Started ebtables ruleset management.
[[0;32m  OK  [0m] Started Create Volatile Files and Directories.
         Starting Update UTMP about System Boot/Shutdown...
[[0;32m  OK  [0m] Started Update UTMP about System Boot/Shutdown.
[[0;32m  OK  [0m] Found device /dev/ttyS0.
[[0;32m  OK  [0m] Listening on Load/Save RF Kill Switch Status /dev/rfkill Watch.
[[0;32m  OK  [0m] Started AppArmor initialization.
         Starting Initial cloud-init job (pre-networking)...
[   29.641244] cloud-init[557]: Cloud-init v. 19.3-41-gc4735dd3-0ubuntu1~18.04.1 running 'init-local' at Wed, 08 Jan 2020 04:41:15 +0000. Up 29.13 seconds.
[[0;32m  OK  [0m] Started Initial cloud-init job (pre-networking).
[[0;32m  OK  [0m] Reached target Network (Pre).
         Starting Network Service...
[[0;32m  OK  [0m] Started Network Service.
         Starting Network Name Resolution...
         Starting Wait for Network to be Configured...
[[0;32m  OK  [0m] Started Network Name Resolution.
[[0;32m  OK  [0m] Reached target Host and Network Name Lookups.
[[0;32m  OK  [0m] Reached target Network.
[[0;32m  OK  [0m] Started Wait for Network to be Configured.
         Starting Initial cloud-init job (metadata service crawler)...
[   32.161238] cloud-init[677]: Cloud-init v. 19.3-41-gc4735dd3-0ubuntu1~18.04.1 running 'init' at Wed, 08 Jan 2020 04:41:18 +0000. Up 31.98 seconds.
[   32.256425] cloud-init[677]: ci-info: ++++++++++++++++++++++++++++++++++++++Net device info+++++++++++++++++++++++++++++++++++++++
[   32.340856] cloud-init[677]: ci-info: +--------+-------+----------------------------+---------------+--------+-------------------+
[   32.396238] cloud-init[677]: ci-info: | Device |   Up  |          Address           |      Mask     | Scope  |     Hw-Address    |
[   32.397892] cloud-init[677]: ci-info: +--------+-------+----------------------------+---------------+--------+-------------------+
[   32.399493] cloud-init[677]: ci-info: | enp0s3 |  True |         10.0.2.15          | 255.255.255.0 | global | 02:b7:1f:33:e9:24 |
[   32.425070] cloud-init[677]: ci-info: | enp0s3 |  True | fe80::b7:1fff:fe33:e924/64 |       .       |  link  | 02:b7:1f:33:e9:24 |
[   32.456282] cloud-init[677]: ci-info: | enp0s8 | False |             .              |       .       |   .    | 08:00:27:45:9e:bb |
[   32.460315] cloud-init[677]: ci-info: |   lo   |  True |         127.0.0.1          |   255.0.0.0   |  host  |         .         |
[   32.463203] cloud-init[677]: ci-info: |   lo   |  True |          ::1/128           |       .       |  host  |         .         |
[   32.528346] cloud-init[677]: ci-info: +--------+-------+----------------------------+---------------+--------+-------------------+
[   32.566646] cloud-init[677]: ci-info: ++++++++++++++++++++++++++++Route IPv4 info+++++++++++++++++++++++++++++
[   32.622027] cloud-init[677]: ci-info: +-------+-------------+----------+-----------------+-----------+-------+
[   32.642661] cloud-init[677]: ci-info: | Route | Destination | Gateway  |     Genmask     | Interface | Flags |
[   32.649670] cloud-init[677]: ci-info: +-------+-------------+----------+-----------------+-----------+-------+
[   32.663241] cloud-init[677]: ci-info: |   0   |   0.0.0.0   | 10.0.2.2 |     0.0.0.0     |   enp0s3  |   UG  |
[   32.708215] cloud-init[677]: ci-info: |   1   |   10.0.2.0  | 0.0.0.0  |  255.255.255.0  |   enp0s3  |   U   |
[   32.720267] cloud-init[677]: ci-info: |   2   |   10.0.2.2  | 0.0.0.0  | 255.255.255.255 |   enp0s3  |   UH  |
[   32.732676] cloud-init[677]: ci-info: +-------+-------------+----------+-----------------+-----------+-------+
[   32.743803] cloud-init[677]: ci-info: +++++++++++++++++++Route IPv6 info+++++++++++++++++++
[   32.764932] cloud-init[677]: ci-info: +-------+-------------+---------+-----------+-------+
[   32.773584] cloud-init[677]: ci-info: | Route | Destination | Gateway | Interface | Flags |
[   32.782880] cloud-init[677]: ci-info: +-------+-------------+---------+-----------+-------+
[   32.810942] cloud-init[677]: ci-info: |   1   |  fe80::/64  |    ::   |   enp0s3  |   U   |
[   32.815865] cloud-init[677]: ci-info: |   3   |    local    |    ::   |   enp0s3  |   U   |
[   32.819727] cloud-init[677]: ci-info: |   4   |   ff00::/8  |    ::   |   enp0s3  |   U   |
[   32.852243] cloud-init[677]: ci-info: +-------+-------------+---------+-----------+-------+
[   33.056153] cloud-init[677]: Generating public/private rsa key pair.
[   33.083725] cloud-init[677]: Your identification has been saved in /etc/ssh/ssh_host_rsa_key.
[   33.091913] cloud-init[677]: Your public key has been saved in /etc/ssh/ssh_host_rsa_key.pub.
[   33.094921] cloud-init[677]: The key fingerprint is:
[   33.101597] cloud-init[677]: SHA256:ygAGcgBh08hQwKhSy1r2km5WfhMSvCj2EeOka5D1/fE root@ubuntu-bionic
[   33.108599] cloud-init[677]: The key's randomart image is:
[   33.177403] cloud-init[677]: +---[RSA 2048]----+
[   33.180916] cloud-init[677]: |#B=              |
[   33.185968] cloud-init[677]: |+*o.             |
[   33.191067] cloud-init[677]: |.ooo             |
[   33.203026] cloud-init[677]: |o.*=o            |
[   33.211695] cloud-init[677]: |.*+=++  S        |
[   33.218022] cloud-init[677]: |=o+o*oo..        |
[   33.226645] cloud-init[677]: |ooo+..oo o       |
[   33.256608] cloud-init[677]: | o+.. o . E      |
[   33.261552] cloud-init[677]: |.o   . .         |
[   33.262774] cloud-init[677]: +----[SHA256]-----+[
[0;32m  OK  [0m] Started Initial cloud-init job (metadata service crawler).
[   33.263768] cloud-init[677]: Generating public/private dsa key pair.
[[0;32m  OK  [0m[   33.313484] cloud-init[677]: Your identification has been saved in /etc/ssh/ssh_host_dsa_key.
[   33.314505] cloud-init[677]: Your public key has been saved in /etc/ssh/ssh_host_dsa_key.pub.
] Reached target System Initialization.
[   33.314755] cloud-init[677]: The key fingerprint is:
[   33.365000] cloud-init[677]: SHA256:DxhpKFtGX4w250FX3nVB7R+xZcTRR1BZKeFqBu5ZREc root@ubuntu-bionic
[   33.365418] cloud-init[677]: The key's randomart image is:
[[0;32m  OK  [0m] Started Daily apt download activities.
[   33.365670] cloud-init[677]: +---[DSA 1024]----+
[[   33.409420] cloud-init[677]: |    .  +o .ooE+X/|
[   33.409574] cloud-init[677]: |   . o+o+...oo =O|
[0;32m  OK  [0m] Started Discard unused blocks once a week.
[   33.409884] cloud-init[677]: |  . +.=+ o ...oo=|
         [   33.448383] Starting LXD - unix socket.cloud-init
[677]: |   = . oo o .  o.|
[[   33.460229] [0;32m  OK  [0m] Listening on UUID daemon activation socket.
cloud-init[677]: |  .   . S. =    o|
[[   33.514014] cloud-init[677]: |        .o=     .|
[   33.514226] cloud-init[677]: |         o.      |
[0;32m  OK  [0m] Started Message of the Day.
[   33.514486] cloud-init[677]: |                 |
[[0;32m  OK  [0m[   33.583371] cloud-init[677]: |                 |
[   33.584090] cloud-init[677]: +----[SHA256]-----+
] Listening on D-Bus System Message Bus Socket.
[   33.584264] cloud-init[677]: Generating public/private ecdsa key pair.
[[   33.657801] cloud-init[677]: Your identification has been saved in /etc/ssh/ssh_host_ecdsa_key.
[   33.658026] cloud-init[677]: [0;32m  OK  [0mYour public key has been saved in /etc/ssh/ssh_host_ecdsa_key.pub.] 
Listening on Open-iSCSI iscsid Socket.
[   33.658272] cloud-init[677]: The key fingerprint is:
[[   33.784720] cloud-init[677]: SHA256:MNv43yw7WYp5hfJZI2cMTG4mjJZFI24aJnX7bHYf+Rg root@ubuntu-bionic
[   33.784850] cloud-init[677]: The key's randomart image is:
[   33.785189] cloud-init[677]: +---[ECDSA 256]---+
[0;32m  OK  [0m] Started Daily apt upgrade and clean activities.
[   33.785378] cloud-init[677]: |    . o.o        |
[[0;32m  OK  [0m[   33.925094] ] cloud-initListening on ACPID Listen Socket.[677]: 
|   . o o...      |
[[   33.941846] cloud-init[677]: |  . o *= +       |
[   33.942019] cloud-init[677]: |   o ++Oo *  .   |
[   33.942794] cloud-init[677]: |    ..o S+.+E    |
[   33.943106] cloud-init[677]: |       +..o.O=   |
[0;32m  OK  [0m] Started ACPI Events Check.
[   33.943458] cloud-init[677]: |        .= @o..  |
         [   34.000830] Starting Socket activation for snappy daemon.cloud-init
[677]: |        o.Oo     |
[[   34.073531] cloud-init[677]: |         .o+o    |
[   34.074017] cloud-init[677]: +----[SHA256]-----+
[0;32m  OK  [0m] Started Daily Cleanup of Temporary Directories.
[   34.074697] cloud-init[677]: Generating public/private ed25519 key pair.
[[0;32m  OK  [0m] Reached target Timers.
[   34.158209] cloud-init[677]: Your identification has been saved in /etc/ssh/ssh_host_ed25519_key.
[[0;32m  OK  [0m[   34.285773] cloud-init[677]: Your public key has been saved in /etc/ssh/ssh_host_ed25519_key.pub.
[   34.286276] cloud-init[677]: The key fingerprint is:
] Reached target Paths.
[   34.286504] cloud-init[677]: SHA256:q8ekNV1z+E7XdZe6LIhI79Pwh2Fx7a2ImBODPVrzBSI root@ubuntu-bionic
[[0;32m  OK  [0m] Reached target Cloud-config availability.
[[   34.417312] cloud-init[677]: The key's randomart image is:
[   34.513901] cloud-init[677]: +--[ED25519 256]--+
[0;32m  OK  [0m] Reached target Network is Online.
[   34.514027] cloud-init[677]: |                 |
[[   34.659305] cloud-init[677]: |                 |
[   34.659491] cloud-init[677]: |            ..  .|
[0;32m  OK  [0m] Reached target Remote File Systems (Pre).
[   34.659636] cloud-init[677]: |     E . o .+...+|
[[0;32m  OK  [0m] Reached target Remote File Systems.
[   34.721105] cloud-init[677]: |      + S.+..+o =|
         [   34.880318] Starting Availability of block devices...cloud-init
[677]: |     o O++.. oo.o|
[[   34.976569] cloud-init[677]: |    . ==/.* ooo. |
[   34.977006] cloud-init[677]: |     o.OoB + +.  |
[0;32m  OK  [0m] Listening on LXD - unix socket.
[   34.978497] cloud-init[677]: |      ooo . .    |
[[0;32m  OK  [0m[   35.068328] cloud-init[677]: +----[SHA256]-----+
] Listening on Socket activation for snappy daemon.
[[0;32m  OK  [0m] Started Availability of block devices.
[[0;32m  OK  [0m] Reached target Sockets.
[[0;32m  OK  [0m] Reached target Basic System.
         Starting LSB: Record successful boot for GRUB...
         Starting LSB: automatic crash report generation...
[[0;32m  OK  [0m] Started Regular background program processing daemon.
[[0;32m  OK  [0m] Started Deferred execution scheduler.
[[0;32m  OK  [0m] Started FUSE filesystem for LXC.
         Starting Virtualbox guest utils...
         Starting Pollinate to seed the pseudo random number generator...
         Starting Accounts Service...
         Starting Snappy daemon...
         Starting Permit User Sessions...
[[0;32m  OK  [0m] Started irqbalance daemon.
         Starting System Logging Service...
         Starting Login Service...
         Starting Dispatcher daemon for systemd-networkd...
[[0;32m  OK  [0m] Started D-Bus System Message Bus.
         Starting LXD - container startup/shutdown...
[[0;32m  OK  [0m] Started System Logging Service.
[[0;32m  OK  [0m] Started Permit User Sessions.
[[0;32m  OK  [0m] Started Login Service.
         Starting Authorization Manager...
[[0;32m  OK  [0m] Started Unattended Upgrades Shutdown.
         Starting Terminate Plymouth Boot Screen...
         Starting Hold until boot process finishes up...
[[0;32m  OK  [0m] Started Terminate Plymouth Boot Screen.
[[0;32m  OK  [0m] Started Hold until boot process finishes up.
         Starting Set console scheme...
[[0;32m  OK  [0m] Started Serial Getty on ttyS0.
[[0;32m  OK  [0m] Started LSB: automatic crash report generation.
[[0;32m  OK  [0m] Started LSB: Record successful boot for GRUB.
[[0;32m  OK  [0m] Started Set console scheme.
[[0;32m  OK  [0m] Started Authorization Manager.
[[0;32m  OK  [0m] Started Accounts Service.
[[0;32m  OK  [0m] Created slice system-getty.slice.
[[0;32m  OK  [0m] Started Getty on tty1.
[[0;32m  OK  [0m] Reached target Login Prompts.
[[0;32m  OK  [0m] Started Dispatcher daemon for systemd-networkd.
[[0;32m  OK  [0m] Started LXD - container startup/shutdown.
[[0;32m  OK  [0m] Started Virtualbox guest utils.
[[0;32m  OK  [0m] Started Snappy daemon.
         Starting Wait until snapd is fully seeded...
[[0;32m  OK  [0m] Started Pollinate to seed the pseudo random number generator.
         Starting OpenBSD Secure Shell server...
[[0;32m  OK  [0m] Started OpenBSD Secure Shell server.
[[0;32m  OK  [0m] Created slice User Slice of vagrant.
         Starting User Manager for UID 1000...
[[0;32m  OK  [0m] Started Session 1 of user vagrant.
[[0;32m  OK  [0m] Started User Manager for UID 1000.

Ubuntu 18.04.3 LTS ubuntu-bionic ttyS0

ubuntu-bionic login: [   43.917334] cloud-init[1507]: Cloud-init v. 19.3-41-gc4735dd3-0ubuntu1~18.04.1 running 'modules:config' at Wed, 08 Jan 2020 04:41:30 +0000. Up 43.22 seconds.
ci-info: no authorized ssh keys fingerprints found for user ubuntu.
<14>Jan  8 04:41:31 ec2: 
<14>Jan  8 04:41:31 ec2: #############################################################
<14>Jan  8 04:41:31 ec2: -----BEGIN SSH HOST KEY FINGERPRINTS-----
<14>Jan  8 04:41:31 ec2: 1024 SHA256:DxhpKFtGX4w250FX3nVB7R+xZcTRR1BZKeFqBu5ZREc root@ubuntu-bionic (DSA)
<14>Jan  8 04:41:31 ec2: 256 SHA256:MNv43yw7WYp5hfJZI2cMTG4mjJZFI24aJnX7bHYf+Rg root@ubuntu-bionic (ECDSA)
<14>Jan  8 04:41:31 ec2: 256 SHA256:q8ekNV1z+E7XdZe6LIhI79Pwh2Fx7a2ImBODPVrzBSI root@ubuntu-bionic (ED25519)
<14>Jan  8 04:41:31 ec2: 2048 SHA256:ygAGcgBh08hQwKhSy1r2km5WfhMSvCj2EeOka5D1/fE root@ubuntu-bionic (RSA)
<14>Jan  8 04:41:31 ec2: -----END SSH HOST KEY FINGERPRINTS-----
<14>Jan  8 04:41:31 ec2: #############################################################
-----BEGIN SSH HOST KEY KEYS-----
ecdsa-sha2-nistp256 AAAAE2VjZHNhLXNoYTItbmlzdHAyNTYAAAAIbmlzdHAyNTYAAABBBK+ApkabFjr647rnF6h9xbJVHbXFIFTod3SUoKiSODSLFNOEH10QFwmjbFgULE83+OtRzKehvpD2KsYUjpcbODg= root@ubuntu-bionic
ssh-ed25519 AAAAC3NzaC1lZDI1NTE5AAAAIPqTfNGSUs9ppxfm7aN5i1yN1ACmlQbPNGXF82+RAJPG root@ubuntu-bionic
ssh-rsa AAAAB3NzaC1yc2EAAAADAQABAAABAQCcz13dTF+vnQN8aaEjjKCl4iVWwf7Cqy69VUkdnmbGoAqpCMncAEASWat7QRqIkOP14sLXe9+apYGg+Jmv7lEZL2+Zt87KICSCgp6H6XDfZLN6FJkS2O+pkdmjuGEZJWmhGGrQYRTh9LDvzifnMjxWyHvYLhyV0dJ5Izszv1K+G1F7P0p3U1GXHRz6Ri+DaT/vxNY37YUPkWHOGWCJ4H1LM56orHgBExNy6kwDMVl64Nz/V0PWcMdgdZIYIT5mfBeMT6LYDvPolN10BaCoENgYBTrxBPlBATGLi9g+NUhdoTsAWRUvOGOBYRFoIzV3lCFg5gs9VZEeDEXWArZHRWWx root@ubuntu-bionic
-----END SSH HOST KEY KEYS-----
[   44.765678] cloud-init[1558]: Cloud-init v. 19.3-41-gc4735dd3-0ubuntu1~18.04.1 running 'modules:final' at Wed, 08 Jan 2020 04:41:31 +0000. Up 44.52 seconds.
[   44.765809] cloud-init[1558]: ci-info: no authorized ssh keys fingerprints found for user ubuntu.
[   44.765928] cloud-init[1558]: Cloud-init v. 19.3-41-gc4735dd3-0ubuntu1~18.04.1 finished at Wed, 08 Jan 2020 04:41:31 +0000. Datasource DataSourceNoCloud [seed=/dev/sdb][dsmode=net].  Up 44.75 seconds
